c:\users\user\onedrive - пгкпи - бургас\desktop\paymate\finance-challenge-paymate\app\pm\x64\debug\vc143.pdb
c:\users\user\onedrive - пгкпи - бургас\desktop\paymate\finance-challenge-paymate\app\pm\x64\debug\vc143.idb
c:\users\user\onedrive - пгкпи - бургас\desktop\paymate\finance-challenge-paymate\app\pm\x64\debug\menu.obj
c:\users\user\onedrive - пгкпи - бургас\desktop\paymate\finance-challenge-paymate\app\pm\x64\debug\main.obj
c:\users\user\onedrive - пгкпи - бургас\desktop\paymate\finance-challenge-paymate\app\pm\x64\debug\accounts.obj
c:\users\user\onedrive - пгкпи - бургас\desktop\paymate\finance-challenge-paymate\app\pm\x64\debug\accessdata.obj
c:\users\user\onedrive - пгкпи - бургас\desktop\paymate\finance-challenge-paymate\app\pm\x64\debug\validation.obj
c:\users\user\onedrive - пгкпи - бургас\desktop\paymate\finance-challenge-paymate\app\pm\x64\debug\dashboard.obj
c:\users\user\onedrive - пгкпи - бургас\desktop\paymate\finance-challenge-paymate\app\pm\x64\debug\statistics.obj
c:\users\user\onedrive - пгкпи - бургас\desktop\paymate\finance-challenge-paymate\app\pm\x64\debug\profile.obj
c:\users\user\onedrive - пгкпи - бургас\desktop\paymate\finance-challenge-paymate\app\pm\x64\debug\budget.obj
c:\users\user\onedrive - пгкпи - бургас\desktop\paymate\finance-challenge-paymate\app\x64\debug\pm.exe
c:\users\user\onedrive - пгкпи - бургас\desktop\paymate\finance-challenge-paymate\app\pm\x64\debug\pm.ilk
c:\users\user\onedrive - пгкпи - бургас\desktop\paymate\finance-challenge-paymate\app\x64\debug\pm.pdb
c:\users\user\onedrive - пгкпи - бургас\desktop\paymate\finance-challenge-paymate\app\pm\x64\debug\login.obj
c:\users\user\onedrive - пгкпи - бургас\desktop\paymate\finance-challenge-paymate\app\pm\x64\debug\signup.obj
c:\users\user\onedrive - пгкпи - бургас\desktop\paymate\finance-challenge-paymate\app\pm\x64\debug\pm.tlog\cl.command.1.tlog
c:\users\user\onedrive - пгкпи - бургас\desktop\paymate\finance-challenge-paymate\app\pm\x64\debug\pm.tlog\cl.read.1.tlog
c:\users\user\onedrive - пгкпи - бургас\desktop\paymate\finance-challenge-paymate\app\pm\x64\debug\pm.tlog\cl.write.1.tlog
c:\users\user\onedrive - пгкпи - бургас\desktop\paymate\finance-challenge-paymate\app\pm\x64\debug\pm.tlog\link.command.1.tlog
c:\users\user\onedrive - пгкпи - бургас\desktop\paymate\finance-challenge-paymate\app\pm\x64\debug\pm.tlog\link.read.1.tlog
c:\users\user\onedrive - пгкпи - бургас\desktop\paymate\finance-challenge-paymate\app\pm\x64\debug\pm.tlog\link.write.1.tlog
